Using pre-set license
Built from '2021.3/staging' branch; Version is '2021.3.18f1 (3129e69bc0c7) revision 3221990'; Using compiler version '192829333'; Build Type 'Release'
OS: 'Windows 11  (10.0.22631) 64bit Core' Language: 'en' Physical Memory: 32530 MB
BatchMode: 1, IsHumanControllingUs: 0, StartBugReporterOnCrash: 0, Is64bit: 1, IsPro: 1

COMMAND LINE ARGUMENTS:
C:\Program Files\Unity\Hub\Editor\2021.3.18f1\Editor\Unity.exe
-adb2
-batchMode
-noUpm
-name
AssetImportWorker0
-projectPath
C:/Users/hotdo/Documents/Unity Projects/BulletHellPVP
-logFile
Logs/AssetImportWorker0.log
-srvPort
57278
Successfully changed project path to: C:/Users/hotdo/Documents/Unity Projects/BulletHellPVP
C:/Users/hotdo/Documents/Unity Projects/BulletHellPVP
[UnityMemory] Configuration Parameters - Can be set up in boot.config
    "memorysetup-bucket-allocator-granularity=16"
    "memorysetup-bucket-allocator-bucket-count=8"
    "memorysetup-bucket-allocator-block-size=33554432"
    "memorysetup-bucket-allocator-block-count=8"
    "memorysetup-main-allocator-block-size=16777216"
    "memorysetup-thread-allocator-block-size=16777216"
    "memorysetup-gfx-main-allocator-block-size=16777216"
    "memorysetup-gfx-thread-allocator-block-size=16777216"
    "memorysetup-cache-allocator-block-size=4194304"
    "memorysetup-typetree-allocator-block-size=2097152"
    "memorysetup-profiler-bucket-allocator-granularity=16"
    "memorysetup-profiler-bucket-allocator-bucket-count=8"
    "memorysetup-profiler-bucket-allocator-block-size=33554432"
    "memorysetup-profiler-bucket-allocator-block-count=8"
    "memorysetup-profiler-allocator-block-size=16777216"
    "memorysetup-profiler-editor-allocator-block-size=1048576"
    "memorysetup-temp-allocator-size-main=16777216"
    "memorysetup-job-temp-allocator-block-size=2097152"
    "memorysetup-job-temp-allocator-block-size-background=1048576"
    "memorysetup-job-temp-allocator-reduction-small-platforms=262144"
    "memorysetup-temp-allocator-size-background-worker=32768"
    "memorysetup-temp-allocator-size-job-worker=262144"
    "memorysetup-temp-allocator-size-preload-manager=33554432"
    "memorysetup-temp-allocator-size-nav-mesh-worker=65536"
    "memorysetup-temp-allocator-size-audio-worker=65536"
    "memorysetup-temp-allocator-size-cloud-worker=32768"
    "memorysetup-temp-allocator-size-gi-baking-worker=262144"
    "memorysetup-temp-allocator-size-gfx=262144"
Player connection [8960] Host "[IP] 192.168.1.218 [Port] 0 [Flags] 2 [Guid] 4218762025 [EditorId] 4218762025 [Version] 1048832 [Id] WindowsEditor(7,Bradens_Desktop) [Debug] 1 [PackageName] WindowsEditor [ProjectName] Editor" joined multi-casting on [225.0.0.222:54997]...

Player connection [8960] Host "[IP] 192.168.1.218 [Port] 0 [Flags] 2 [Guid] 4218762025 [EditorId] 4218762025 [Version] 1048832 [Id] WindowsEditor(7,Bradens_Desktop) [Debug] 1 [PackageName] WindowsEditor [ProjectName] Editor" joined alternative multi-casting on [225.0.0.222:34997]...

Refreshing native plugins compatible for Editor in 64.11 ms, found 4 plugins.
Preloading 0 native plugins for Editor in 0.00 ms.
Initialize engine version: 2021.3.18f1 (3129e69bc0c7)
[Subsystems] Discovering subsystems at path C:/Program Files/Unity/Hub/Editor/2021.3.18f1/Editor/Data/Resources/UnitySubsystems
[Subsystems] Discovering subsystems at path C:/Users/hotdo/Documents/Unity Projects/BulletHellPVP/Assets
GfxDevice: creating device client; threaded=0; jobified=0
Direct3D:
    Version:  Direct3D 11.0 [level 11.1]
    Renderer: AMD Radeon RX 6800 (ID=0x73bf)
    Vendor:   ATI
    VRAM:     16311 MB
    Driver:   32.0.12019.1028
Initialize mono
Mono path[0] = 'C:/Program Files/Unity/Hub/Editor/2021.3.18f1/Editor/Data/Managed'
Mono path[1] = 'C:/Program Files/Unity/Hub/Editor/2021.3.18f1/Editor/Data/MonoBleedingEdge/lib/mono/unityjit-win32'
Mono config path = 'C:/Program Files/Unity/Hub/Editor/2021.3.18f1/Editor/Data/MonoBleedingEdge/etc'
Using monoOptions --debugger-agent=transport=dt_socket,embedding=1,server=y,suspend=n,address=127.0.0.1:56280
Begin MonoManager ReloadAssembly
Registering precompiled unity dll's ...
Register platform support module: C:/Program Files/Unity/Hub/Editor/2021.3.18f1/Editor/Data/PlaybackEngines/WindowsStandaloneSupport/UnityEditor.WindowsStandalone.Extensions.dll
Registered in 0.003409 seconds.
Native extension for WindowsStandalone target not found
Refreshing native plugins compatible for Editor in 57.52 ms, found 4 plugins.
Preloading 0 native plugins for Editor in 0.00 ms.
Mono: successfully reloaded assembly
- Completed reload, in  0.453 seconds
Domain Reload Profiling:
	ReloadAssembly (454ms)
		BeginReloadAssembly (49ms)
			ExecutionOrderSort (0ms)
			DisableScriptedObjects (0ms)
			BackupInstance (0ms)
			ReleaseScriptingObjects (0ms)
			CreateAndSetChildDomain (0ms)
		EndReloadAssembly (331ms)
			LoadAssemblies (48ms)
			RebuildTransferFunctionScriptingTraits (0ms)
			SetupTypeCache (82ms)
			ReleaseScriptCaches (0ms)
			RebuildScriptCaches (16ms)
			SetupLoadedEditorAssemblies (198ms)
				LogAssemblyErrors (0ms)
				InitializePlatformSupportModulesInManaged (4ms)
				SetLoadedEditorAssemblies (0ms)
				RefreshPlugins (58ms)
				BeforeProcessingInitializeOnLoad (1ms)
				ProcessInitializeOnLoadAttributes (103ms)
				ProcessInitializeOnLoadMethodAttributes (32ms)
				AfterProcessingInitializeOnLoad (0ms)
				EditorAssembliesLoaded (0ms)
			ExecutionOrderSort2 (0ms)
			AwakeInstancesAfterBackupRestoration (0ms)
Platform modules already initialized, skipping
Registering precompiled user dll's ...
Registered in 0.008855 seconds.
Begin MonoManager ReloadAssembly
Symbol file LoadedFromMemory doesn't match image C:\Users\hotdo\Documents\Unity Projects\BulletHellPVP\Library\PackageCache\com.unity.visualscripting@1.8.0\Editor\VisualScripting.Core\Dependencies\YamlDotNet\Unity.VisualScripting.YamlDotNet.dll
Symbol file LoadedFromMemory doesn't match image C:\Users\hotdo\Documents\Unity Projects\BulletHellPVP\Library\PackageCache\com.unity.visualscripting@1.8.0\Editor\VisualScripting.Core\Dependencies\DotNetZip\Unity.VisualScripting.IonicZip.dll
Symbol file LoadedFromMemory is not a mono symbol file
Native extension for WindowsStandalone target not found
Refreshing native plugins compatible for Editor in 56.98 ms, found 4 plugins.
Preloading 0 native plugins for Editor in 0.00 ms.
Mono: successfully reloaded assembly
- Completed reload, in  0.886 seconds
Domain Reload Profiling:
	ReloadAssembly (886ms)
		BeginReloadAssembly (62ms)
			ExecutionOrderSort (0ms)
			DisableScriptedObjects (3ms)
			BackupInstance (0ms)
			ReleaseScriptingObjects (0ms)
			CreateAndSetChildDomain (10ms)
		EndReloadAssembly (755ms)
			LoadAssemblies (73ms)
			RebuildTransferFunctionScriptingTraits (0ms)
			SetupTypeCache (255ms)
			ReleaseScriptCaches (0ms)
			RebuildScriptCaches (35ms)
			SetupLoadedEditorAssemblies (356ms)
				LogAssemblyErrors (0ms)
				InitializePlatformSupportModulesInManaged (3ms)
				SetLoadedEditorAssemblies (0ms)
				RefreshPlugins (57ms)
				BeforeProcessingInitializeOnLoad (69ms)
				ProcessInitializeOnLoadAttributes (189ms)
				ProcessInitializeOnLoadMethodAttributes (34ms)
				AfterProcessingInitializeOnLoad (4ms)
				EditorAssembliesLoaded (0ms)
			ExecutionOrderSort2 (0ms)
			AwakeInstancesAfterBackupRestoration (4ms)
Platform modules already initialized, skipping
========================================================================
Worker process is ready to serve import requests
Launched and connected shader compiler UnityShaderCompiler.exe after 0.05 seconds
Refreshing native plugins compatible for Editor in 0.55 ms, found 4 plugins.
Preloading 0 native plugins for Editor in 0.00 ms.
Unloading 5358 Unused Serialized files (Serialized files now loaded: 0)
Unloading 48 unused Assets / (30.2 KB). Loaded Objects now: 5814.
Memory consumption went from 271.9 MB to 271.9 MB.
Total: 2.538800 ms (FindLiveObjects: 0.247100 ms CreateObjectMapping: 0.127600 ms MarkObjects: 2.139300 ms  DeleteObjects: 0.024100 ms)

AssetImportParameters requested are different than current active one (requested -> active):
  custom:video-decoder-ogg-theora: a1e56fd34408186e4bbccfd4996cb3dc -> 
  custom:container-muxer-webm: aa71ff27fc2769a1b78a27578f13a17b -> 
  custom:container-demuxer-webm: 4f35f7cbe854078d1ac9338744f61a02 -> 
  custom:video-encoder-webm-vp8: eb34c28f22e8b96e1ab97ce403110664 -> 
  custom:video-codec-MediaFoundation-h265: 746d11721c4dcdbdad8f713fa42b33f4 -> 
  custom:audio-encoder-webm-vorbis: bf7c407c2cedff20999df2af8eb42d56 -> 
  custom:framework-win-MediaFoundation: 216162199b28c13a410421893ffa2e32 -> 
  custom:container-demuxer-ogg: 62fdf1f143b41e24485cea50d1cbac27 -> 
  custom:video-decoder-webm-vp8: 9c59270c3fd7afecdb556c50c9e8de78 -> 
  custom:audio-decoder-ogg-vorbis: bf7c407c2cedff20999df2af8eb42d56 -> 
========================================================================
Received Import Request.
  Time since last request: 92248.586485 seconds.
  path: Assets/Spells/SpellPrefab.prefab
  artifactKey: Guid(a12a2eac476853e4184718ce4ef910dc) Importer(815301076,1909f56bfc062723c751e8b465ee728b)
Start importing Assets/Spells/SpellPrefab.prefab using Guid(a12a2eac476853e4184718ce4ef910dc) Importer(815301076,1909f56bfc062723c751e8b465ee728b)  -> (artifact id: 'd29e79ef75f92a24e134b934f1745dcf') in 0.040558 seconds 
========================================================================
Received Import Request.
  Time since last request: 4.178630 seconds.
  path: Assets/Spells/Spell Selection/SetManager.cs
  artifactKey: Guid(49d7c7419df1c4146a76725a9d5487c7) Importer(815301076,1909f56bfc062723c751e8b465ee728b)
Start importing Assets/Spells/Spell Selection/SetManager.cs using Guid(49d7c7419df1c4146a76725a9d5487c7) Importer(815301076,1909f56bfc062723c751e8b465ee728b)  -> (artifact id: '610e3bc7552b551ff6eac34d1195cf15') in 0.010294 seconds 
========================================================================
Received Import Request.
  Time since last request: 0.328474 seconds.
  path: Assets/Spells/Spell Selection/SpellSelectionManager.cs
  artifactKey: Guid(ce753a19664aefb4b97f1f2f2f764237) Importer(815301076,1909f56bfc062723c751e8b465ee728b)
Start importing Assets/Spells/Spell Selection/SpellSelectionManager.cs using Guid(ce753a19664aefb4b97f1f2f2f764237) Importer(815301076,1909f56bfc062723c751e8b465ee728b)  -> (artifact id: '1611beec5ac9ca448568bdfa79e34b00') in 0.008509 seconds 
========================================================================
Received Import Request.
  Time since last request: 6.182324 seconds.
  path: Assets/Spells/SpellModuleBehavior.cs
  artifactKey: Guid(df0be96589aa441469b84fe625710e5d) Importer(815301076,1909f56bfc062723c751e8b465ee728b)
Start importing Assets/Spells/SpellModuleBehavior.cs using Guid(df0be96589aa441469b84fe625710e5d) Importer(815301076,1909f56bfc062723c751e8b465ee728b)  -> (artifact id: 'b7c2e0e588d835b268239c71ebc7d12b') in 0.007915 seconds 
========================================================================
Received Import Request.
  Time since last request: 9.304139 seconds.
  path: Assets/Spells/public Spellbook[] EquippedBooks;      MAYBE MOVE SOMEWHERE ELSE     public class Spellbook     {         public byte[] SetIndexes;         public byte[] SpellIndexes;     }.cs
  artifactKey: Guid(b3e32c271205e464ab875a122cd768f2) Importer(815301076,1909f56bfc062723c751e8b465ee728b)
Start importing Assets/Spells/public Spellbook[] EquippedBooks;      MAYBE MOVE SOMEWHERE ELSE     public class Spellbook     {         public byte[] SetIndexes;         public byte[] SpellIndexes;     }.cs using Guid(b3e32c271205e464ab875a122cd768f2) Importer(815301076,1909f56bfc062723c751e8b465ee728b)  -> (artifact id: '803dd373c60834c25dd76ac7df9a1752') in 0.008913 seconds 
========================================================================
Received Prepare
Registering precompiled user dll's ...
Registered in 0.005902 seconds.
Begin MonoManager ReloadAssembly
Symbol file LoadedFromMemory doesn't match image C:\Users\hotdo\Documents\Unity Projects\BulletHellPVP\Library\PackageCache\com.unity.visualscripting@1.8.0\Editor\VisualScripting.Core\Dependencies\YamlDotNet\Unity.VisualScripting.YamlDotNet.dll
Symbol file LoadedFromMemory doesn't match image C:\Users\hotdo\Documents\Unity Projects\BulletHellPVP\Library\PackageCache\com.unity.visualscripting@1.8.0\Editor\VisualScripting.Core\Dependencies\DotNetZip\Unity.VisualScripting.IonicZip.dll
Symbol file LoadedFromMemory is not a mono symbol file
Native extension for WindowsStandalone target not found
Refreshing native plugins compatible for Editor in 0.58 ms, found 4 plugins.
Preloading 0 native plugins for Editor in 0.00 ms.
Mono: successfully reloaded assembly
- Completed reload, in  0.654 seconds
Domain Reload Profiling:
	ReloadAssembly (655ms)
		BeginReloadAssembly (83ms)
			ExecutionOrderSort (0ms)
			DisableScriptedObjects (4ms)
			BackupInstance (0ms)
			ReleaseScriptingObjects (0ms)
			CreateAndSetChildDomain (24ms)
		EndReloadAssembly (509ms)
			LoadAssemblies (55ms)
			RebuildTransferFunctionScriptingTraits (0ms)
			SetupTypeCache (147ms)
			ReleaseScriptCaches (1ms)
			RebuildScriptCaches (24ms)
			SetupLoadedEditorAssemblies (246ms)
				LogAssemblyErrors (0ms)
				InitializePlatformSupportModulesInManaged (8ms)
				SetLoadedEditorAssemblies (0ms)
				RefreshPlugins (1ms)
				BeforeProcessingInitializeOnLoad (49ms)
				ProcessInitializeOnLoadAttributes (159ms)
				ProcessInitializeOnLoadMethodAttributes (25ms)
				AfterProcessingInitializeOnLoad (4ms)
				EditorAssembliesLoaded (0ms)
			ExecutionOrderSort2 (0ms)
			AwakeInstancesAfterBackupRestoration (5ms)
Platform modules already initialized, skipping
Refreshing native plugins compatible for Editor in 2.41 ms, found 4 plugins.
Preloading 0 native plugins for Editor in 0.00 ms.
Unloading 5334 Unused Serialized files (Serialized files now loaded: 0)
Unloading 34 unused Assets / (25.8 KB). Loaded Objects now: 5818.
Memory consumption went from 269.7 MB to 269.7 MB.
Total: 2.277000 ms (FindLiveObjects: 0.224200 ms CreateObjectMapping: 0.097200 ms MarkObjects: 1.938200 ms  DeleteObjects: 0.016700 ms)

AssetImportParameters requested are different than current active one (requested -> active):
  custom:video-decoder-ogg-theora: a1e56fd34408186e4bbccfd4996cb3dc -> 
  custom:container-muxer-webm: aa71ff27fc2769a1b78a27578f13a17b -> 
  custom:container-demuxer-webm: 4f35f7cbe854078d1ac9338744f61a02 -> 
  custom:video-encoder-webm-vp8: eb34c28f22e8b96e1ab97ce403110664 -> 
  custom:video-codec-MediaFoundation-h265: 746d11721c4dcdbdad8f713fa42b33f4 -> 
  custom:audio-encoder-webm-vorbis: bf7c407c2cedff20999df2af8eb42d56 -> 
  custom:framework-win-MediaFoundation: 216162199b28c13a410421893ffa2e32 -> 
  custom:container-demuxer-ogg: 62fdf1f143b41e24485cea50d1cbac27 -> 
  custom:video-decoder-webm-vp8: 9c59270c3fd7afecdb556c50c9e8de78 -> 
  custom:audio-decoder-ogg-vorbis: bf7c407c2cedff20999df2af8eb42d56 -> 
========================================================================
Received Import Request.
  Time since last request: 21.449185 seconds.
  path: Assets/Spells/EquippedSpells.cs
  artifactKey: Guid(d8e2c85da33531d4cabc2de420de52a8) Importer(815301076,1909f56bfc062723c751e8b465ee728b)
Start importing Assets/Spells/EquippedSpells.cs using Guid(d8e2c85da33531d4cabc2de420de52a8) Importer(815301076,1909f56bfc062723c751e8b465ee728b)  -> (artifact id: 'baaeaef75826d6ef5f87eb6bd1aaed05') in 0.011843 seconds 
========================================================================
Received Prepare
Registering precompiled user dll's ...
Registered in 0.005657 seconds.
Begin MonoManager ReloadAssembly
Symbol file LoadedFromMemory doesn't match image C:\Users\hotdo\Documents\Unity Projects\BulletHellPVP\Library\PackageCache\com.unity.visualscripting@1.8.0\Editor\VisualScripting.Core\Dependencies\YamlDotNet\Unity.VisualScripting.YamlDotNet.dll
Symbol file LoadedFromMemory doesn't match image C:\Users\hotdo\Documents\Unity Projects\BulletHellPVP\Library\PackageCache\com.unity.visualscripting@1.8.0\Editor\VisualScripting.Core\Dependencies\DotNetZip\Unity.VisualScripting.IonicZip.dll
Symbol file LoadedFromMemory is not a mono symbol file
Native extension for WindowsStandalone target not found
Refreshing native plugins compatible for Editor in 0.59 ms, found 4 plugins.
Preloading 0 native plugins for Editor in 0.00 ms.
Mono: successfully reloaded assembly
- Completed reload, in  0.649 seconds
Domain Reload Profiling:
	ReloadAssembly (649ms)
		BeginReloadAssembly (84ms)
			ExecutionOrderSort (0ms)
			DisableScriptedObjects (3ms)
			BackupInstance (0ms)
			ReleaseScriptingObjects (0ms)
			CreateAndSetChildDomain (22ms)
		EndReloadAssembly (497ms)
			LoadAssemblies (59ms)
			RebuildTransferFunctionScriptingTraits (0ms)
			SetupTypeCache (155ms)
			ReleaseScriptCaches (1ms)
			RebuildScriptCaches (24ms)
			SetupLoadedEditorAssemblies (232ms)
				LogAssemblyErrors (0ms)
				InitializePlatformSupportModulesInManaged (7ms)
				SetLoadedEditorAssemblies (0ms)
				RefreshPlugins (1ms)
				BeforeProcessingInitializeOnLoad (49ms)
				ProcessInitializeOnLoadAttributes (146ms)
				ProcessInitializeOnLoadMethodAttributes (25ms)
				AfterProcessingInitializeOnLoad (4ms)
				EditorAssembliesLoaded (0ms)
			ExecutionOrderSort2 (0ms)
			AwakeInstancesAfterBackupRestoration (5ms)
Platform modules already initialized, skipping
Refreshing native plugins compatible for Editor in 1.79 ms, found 4 plugins.
Preloading 0 native plugins for Editor in 0.00 ms.
Unloading 5335 Unused Serialized files (Serialized files now loaded: 0)
Unloading 34 unused Assets / (25.7 KB). Loaded Objects now: 5822.
Memory consumption went from 269.7 MB to 269.7 MB.
Total: 2.095400 ms (FindLiveObjects: 0.210000 ms CreateObjectMapping: 0.076000 ms MarkObjects: 1.791100 ms  DeleteObjects: 0.017700 ms)

AssetImportParameters requested are different than current active one (requested -> active):
  custom:video-decoder-ogg-theora: a1e56fd34408186e4bbccfd4996cb3dc -> 
  custom:container-muxer-webm: aa71ff27fc2769a1b78a27578f13a17b -> 
  custom:container-demuxer-webm: 4f35f7cbe854078d1ac9338744f61a02 -> 
  custom:video-encoder-webm-vp8: eb34c28f22e8b96e1ab97ce403110664 -> 
  custom:video-codec-MediaFoundation-h265: 746d11721c4dcdbdad8f713fa42b33f4 -> 
  custom:audio-encoder-webm-vorbis: bf7c407c2cedff20999df2af8eb42d56 -> 
  custom:framework-win-MediaFoundation: 216162199b28c13a410421893ffa2e32 -> 
  custom:container-demuxer-ogg: 62fdf1f143b41e24485cea50d1cbac27 -> 
  custom:video-decoder-webm-vp8: 9c59270c3fd7afecdb556c50c9e8de78 -> 
  custom:audio-decoder-ogg-vorbis: bf7c407c2cedff20999df2af8eb42d56 -> 
========================================================================
Received Import Request.
  Time since last request: 29.140769 seconds.
  path: Assets/Spells/Spellbook.cs
  artifactKey: Guid(d8e2c85da33531d4cabc2de420de52a8) Importer(815301076,1909f56bfc062723c751e8b465ee728b)
Start importing Assets/Spells/Spellbook.cs using Guid(d8e2c85da33531d4cabc2de420de52a8) Importer(815301076,1909f56bfc062723c751e8b465ee728b)  -> (artifact id: 'fa24558cb16461d61642109267b1bf07') in 0.012596 seconds 
========================================================================
Received Prepare
Registering precompiled user dll's ...
Registered in 0.005429 seconds.
Begin MonoManager ReloadAssembly
Symbol file LoadedFromMemory doesn't match image C:\Users\hotdo\Documents\Unity Projects\BulletHellPVP\Library\PackageCache\com.unity.visualscripting@1.8.0\Editor\VisualScripting.Core\Dependencies\YamlDotNet\Unity.VisualScripting.YamlDotNet.dll
Symbol file LoadedFromMemory doesn't match image C:\Users\hotdo\Documents\Unity Projects\BulletHellPVP\Library\PackageCache\com.unity.visualscripting@1.8.0\Editor\VisualScripting.Core\Dependencies\DotNetZip\Unity.VisualScripting.IonicZip.dll
Symbol file LoadedFromMemory is not a mono symbol file
Native extension for WindowsStandalone target not found
Refreshing native plugins compatible for Editor in 0.63 ms, found 4 plugins.
Preloading 0 native plugins for Editor in 0.00 ms.
Mono: successfully reloaded assembly
- Completed reload, in  0.625 seconds
Domain Reload Profiling:
	ReloadAssembly (626ms)
		BeginReloadAssembly (81ms)
			ExecutionOrderSort (0ms)
			DisableScriptedObjects (4ms)
			BackupInstance (0ms)
			ReleaseScriptingObjects (0ms)
			CreateAndSetChildDomain (22ms)
		EndReloadAssembly (483ms)
			LoadAssemblies (57ms)
			RebuildTransferFunctionScriptingTraits (0ms)
			SetupTypeCache (144ms)
			ReleaseScriptCaches (1ms)
			RebuildScriptCaches (24ms)
			SetupLoadedEditorAssemblies (228ms)
				LogAssemblyErrors (0ms)
				InitializePlatformSupportModulesInManaged (7ms)
				SetLoadedEditorAssemblies (0ms)
				RefreshPlugins (1ms)
				BeforeProcessingInitializeOnLoad (46ms)
				ProcessInitializeOnLoadAttributes (145ms)
				ProcessInitializeOnLoadMethodAttributes (25ms)
				AfterProcessingInitializeOnLoad (4ms)
				EditorAssembliesLoaded (0ms)
			ExecutionOrderSort2 (0ms)
			AwakeInstancesAfterBackupRestoration (5ms)
Platform modules already initialized, skipping
Refreshing native plugins compatible for Editor in 1.85 ms, found 4 plugins.
Preloading 0 native plugins for Editor in 0.00 ms.
Unloading 5335 Unused Serialized files (Serialized files now loaded: 0)
Unloading 34 unused Assets / (25.7 KB). Loaded Objects now: 5825.
Memory consumption went from 269.7 MB to 269.7 MB.
Total: 2.301800 ms (FindLiveObjects: 0.222300 ms CreateObjectMapping: 0.113300 ms MarkObjects: 1.949300 ms  DeleteObjects: 0.016400 ms)

AssetImportParameters requested are different than current active one (requested -> active):
  custom:video-decoder-ogg-theora: a1e56fd34408186e4bbccfd4996cb3dc -> 
  custom:container-muxer-webm: aa71ff27fc2769a1b78a27578f13a17b -> 
  custom:container-demuxer-webm: 4f35f7cbe854078d1ac9338744f61a02 -> 
  custom:video-encoder-webm-vp8: eb34c28f22e8b96e1ab97ce403110664 -> 
  custom:video-codec-MediaFoundation-h265: 746d11721c4dcdbdad8f713fa42b33f4 -> 
  custom:audio-encoder-webm-vorbis: bf7c407c2cedff20999df2af8eb42d56 -> 
  custom:framework-win-MediaFoundation: 216162199b28c13a410421893ffa2e32 -> 
  custom:container-demuxer-ogg: 62fdf1f143b41e24485cea50d1cbac27 -> 
  custom:video-decoder-webm-vp8: 9c59270c3fd7afecdb556c50c9e8de78 -> 
  custom:audio-decoder-ogg-vorbis: bf7c407c2cedff20999df2af8eb42d56 -> 
========================================================================
Received Import Request.
  Time since last request: 5.403085 seconds.
  path: Assets/Spells/Spellbook.cs
  artifactKey: Guid(d8e2c85da33531d4cabc2de420de52a8) Importer(815301076,1909f56bfc062723c751e8b465ee728b)
Start importing Assets/Spells/Spellbook.cs using Guid(d8e2c85da33531d4cabc2de420de52a8) Importer(815301076,1909f56bfc062723c751e8b465ee728b)  -> (artifact id: 'fbd88453a0b20e4fd8e0196a301dfebb') in 0.005215 seconds 
========================================================================
Received Import Request.
  Time since last request: 24.419525 seconds.
  path: Assets/Spells/Spellbook.cs
  artifactKey: Guid(d8e2c85da33531d4cabc2de420de52a8) Importer(815301076,1909f56bfc062723c751e8b465ee728b)
Start importing Assets/Spells/Spellbook.cs using Guid(d8e2c85da33531d4cabc2de420de52a8) Importer(815301076,1909f56bfc062723c751e8b465ee728b)  -> (artifact id: '89783ddb67429677170b5672bd78660d') in 0.001892 seconds 
========================================================================
Received Prepare
Registering precompiled user dll's ...
Registered in 0.005652 seconds.
Begin MonoManager ReloadAssembly
Symbol file LoadedFromMemory doesn't match image C:\Users\hotdo\Documents\Unity Projects\BulletHellPVP\Library\PackageCache\com.unity.visualscripting@1.8.0\Editor\VisualScripting.Core\Dependencies\YamlDotNet\Unity.VisualScripting.YamlDotNet.dll
Symbol file LoadedFromMemory doesn't match image C:\Users\hotdo\Documents\Unity Projects\BulletHellPVP\Library\PackageCache\com.unity.visualscripting@1.8.0\Editor\VisualScripting.Core\Dependencies\DotNetZip\Unity.VisualScripting.IonicZip.dll
Symbol file LoadedFromMemory is not a mono symbol file
Native extension for WindowsStandalone target not found
Refreshing native plugins compatible for Editor in 0.57 ms, found 4 plugins.
Preloading 0 native plugins for Editor in 0.00 ms.
Mono: successfully reloaded assembly
- Completed reload, in  0.633 seconds
Domain Reload Profiling:
	ReloadAssembly (633ms)
		BeginReloadAssembly (84ms)
			ExecutionOrderSort (0ms)
			DisableScriptedObjects (3ms)
			BackupInstance (0ms)
			ReleaseScriptingObjects (0ms)
			CreateAndSetChildDomain (23ms)
		EndReloadAssembly (489ms)
			LoadAssemblies (60ms)
			RebuildTransferFunctionScriptingTraits (0ms)
			SetupTypeCache (149ms)
			ReleaseScriptCaches (1ms)
			RebuildScriptCaches (26ms)
			SetupLoadedEditorAssemblies (226ms)
				LogAssemblyErrors (0ms)
				InitializePlatformSupportModulesInManaged (7ms)
				SetLoadedEditorAssemblies (0ms)
				RefreshPlugins (1ms)
				BeforeProcessingInitializeOnLoad (46ms)
				ProcessInitializeOnLoadAttributes (143ms)
				ProcessInitializeOnLoadMethodAttributes (24ms)
				AfterProcessingInitializeOnLoad (4ms)
				EditorAssembliesLoaded (0ms)
			ExecutionOrderSort2 (0ms)
			AwakeInstancesAfterBackupRestoration (5ms)
Platform modules already initialized, skipping
Refreshing native plugins compatible for Editor in 1.73 ms, found 4 plugins.
Preloading 0 native plugins for Editor in 0.00 ms.
Unloading 5335 Unused Serialized files (Serialized files now loaded: 0)
Unloading 34 unused Assets / (25.8 KB). Loaded Objects now: 5828.
Memory consumption went from 269.7 MB to 269.7 MB.
Total: 2.059200 ms (FindLiveObjects: 0.221100 ms CreateObjectMapping: 0.085500 ms MarkObjects: 1.732100 ms  DeleteObjects: 0.019800 ms)

AssetImportParameters requested are different than current active one (requested -> active):
  custom:video-decoder-ogg-theora: a1e56fd34408186e4bbccfd4996cb3dc -> 
  custom:container-muxer-webm: aa71ff27fc2769a1b78a27578f13a17b -> 
  custom:container-demuxer-webm: 4f35f7cbe854078d1ac9338744f61a02 -> 
  custom:video-encoder-webm-vp8: eb34c28f22e8b96e1ab97ce403110664 -> 
  custom:video-codec-MediaFoundation-h265: 746d11721c4dcdbdad8f713fa42b33f4 -> 
  custom:audio-encoder-webm-vorbis: bf7c407c2cedff20999df2af8eb42d56 -> 
  custom:framework-win-MediaFoundation: 216162199b28c13a410421893ffa2e32 -> 
  custom:container-demuxer-ogg: 62fdf1f143b41e24485cea50d1cbac27 -> 
  custom:video-decoder-webm-vp8: 9c59270c3fd7afecdb556c50c9e8de78 -> 
  custom:audio-decoder-ogg-vorbis: bf7c407c2cedff20999df2af8eb42d56 -> 
========================================================================
Received Import Request.
  Time since last request: 6.651857 seconds.
  path: Assets/Spells/Spellbook.cs
  artifactKey: Guid(d8e2c85da33531d4cabc2de420de52a8) Importer(815301076,1909f56bfc062723c751e8b465ee728b)
Start importing Assets/Spells/Spellbook.cs using Guid(d8e2c85da33531d4cabc2de420de52a8) Importer(815301076,1909f56bfc062723c751e8b465ee728b)  -> (artifact id: '6affd23e15e6b044682824f16d15a9f4') in 0.005619 seconds 
========================================================================
Received Import Request.
  Time since last request: 7.961781 seconds.
  path: Assets/Spells/Spellbook.cs
  artifactKey: Guid(d8e2c85da33531d4cabc2de420de52a8) Importer(815301076,1909f56bfc062723c751e8b465ee728b)
Start importing Assets/Spells/Spellbook.cs using Guid(d8e2c85da33531d4cabc2de420de52a8) Importer(815301076,1909f56bfc062723c751e8b465ee728b)  -> (artifact id: 'f7d09185bfd6c5b7208acc579e962ef7') in 0.002154 seconds 
========================================================================
Received Prepare
Registering precompiled user dll's ...
Registered in 0.005982 seconds.
Begin MonoManager ReloadAssembly
Symbol file LoadedFromMemory doesn't match image C:\Users\hotdo\Documents\Unity Projects\BulletHellPVP\Library\PackageCache\com.unity.visualscripting@1.8.0\Editor\VisualScripting.Core\Dependencies\YamlDotNet\Unity.VisualScripting.YamlDotNet.dll
Symbol file LoadedFromMemory doesn't match image C:\Users\hotdo\Documents\Unity Projects\BulletHellPVP\Library\PackageCache\com.unity.visualscripting@1.8.0\Editor\VisualScripting.Core\Dependencies\DotNetZip\Unity.VisualScripting.IonicZip.dll
Symbol file LoadedFromMemory is not a mono symbol file
Native extension for WindowsStandalone target not found
Refreshing native plugins compatible for Editor in 0.61 ms, found 4 plugins.
Preloading 0 native plugins for Editor in 0.00 ms.
Mono: successfully reloaded assembly
- Completed reload, in  0.633 seconds
Domain Reload Profiling:
	ReloadAssembly (633ms)
		BeginReloadAssembly (78ms)
			ExecutionOrderSort (0ms)
			DisableScriptedObjects (3ms)
			BackupInstance (0ms)
			ReleaseScriptingObjects (0ms)
			CreateAndSetChildDomain (21ms)
		EndReloadAssembly (495ms)
			LoadAssemblies (58ms)
			RebuildTransferFunctionScriptingTraits (0ms)
			SetupTypeCache (150ms)
			ReleaseScriptCaches (1ms)
			RebuildScriptCaches (26ms)
			SetupLoadedEditorAssemblies (229ms)
				LogAssemblyErrors (0ms)
				InitializePlatformSupportModulesInManaged (7ms)
				SetLoadedEditorAssemblies (0ms)
				RefreshPlugins (1ms)
				BeforeProcessingInitializeOnLoad (47ms)
				ProcessInitializeOnLoadAttributes (145ms)
				ProcessInitializeOnLoadMethodAttributes (25ms)
				AfterProcessingInitializeOnLoad (5ms)
				EditorAssembliesLoaded (0ms)
			ExecutionOrderSort2 (0ms)
			AwakeInstancesAfterBackupRestoration (5ms)
Platform modules already initialized, skipping
Refreshing native plugins compatible for Editor in 1.76 ms, found 4 plugins.
Preloading 0 native plugins for Editor in 0.00 ms.
Unloading 5335 Unused Serialized files (Serialized files now loaded: 0)
Unloading 34 unused Assets / (25.7 KB). Loaded Objects now: 5831.
Memory consumption went from 269.6 MB to 269.5 MB.
Total: 2.177100 ms (FindLiveObjects: 0.216400 ms CreateObjectMapping: 0.082600 ms MarkObjects: 1.860000 ms  DeleteObjects: 0.017500 ms)

AssetImportParameters requested are different than current active one (requested -> active):
  custom:video-decoder-ogg-theora: a1e56fd34408186e4bbccfd4996cb3dc -> 
  custom:container-muxer-webm: aa71ff27fc2769a1b78a27578f13a17b -> 
  custom:container-demuxer-webm: 4f35f7cbe854078d1ac9338744f61a02 -> 
  custom:video-encoder-webm-vp8: eb34c28f22e8b96e1ab97ce403110664 -> 
  custom:video-codec-MediaFoundation-h265: 746d11721c4dcdbdad8f713fa42b33f4 -> 
  custom:audio-encoder-webm-vorbis: bf7c407c2cedff20999df2af8eb42d56 -> 
  custom:framework-win-MediaFoundation: 216162199b28c13a410421893ffa2e32 -> 
  custom:container-demuxer-ogg: 62fdf1f143b41e24485cea50d1cbac27 -> 
  custom:video-decoder-webm-vp8: 9c59270c3fd7afecdb556c50c9e8de78 -> 
  custom:audio-decoder-ogg-vorbis: bf7c407c2cedff20999df2af8eb42d56 -> 
========================================================================
Received Import Request.
  Time since last request: 10.489869 seconds.
  path: Assets/Spells/Spellbook.cs
  artifactKey: Guid(d8e2c85da33531d4cabc2de420de52a8) Importer(815301076,1909f56bfc062723c751e8b465ee728b)
Start importing Assets/Spells/Spellbook.cs using Guid(d8e2c85da33531d4cabc2de420de52a8) Importer(815301076,1909f56bfc062723c751e8b465ee728b)  -> (artifact id: '139d3dcee2c66c9d94b7b19e536a26bb') in 0.007062 seconds 
========================================================================
Received Prepare
Registering precompiled user dll's ...
Registered in 0.006076 seconds.
Begin MonoManager ReloadAssembly
Symbol file LoadedFromMemory doesn't match image C:\Users\hotdo\Documents\Unity Projects\BulletHellPVP\Library\PackageCache\com.unity.visualscripting@1.8.0\Editor\VisualScripting.Core\Dependencies\YamlDotNet\Unity.VisualScripting.YamlDotNet.dll
Symbol file LoadedFromMemory doesn't match image C:\Users\hotdo\Documents\Unity Projects\BulletHellPVP\Library\PackageCache\com.unity.visualscripting@1.8.0\Editor\VisualScripting.Core\Dependencies\DotNetZip\Unity.VisualScripting.IonicZip.dll
Symbol file LoadedFromMemory is not a mono symbol file
Native extension for WindowsStandalone target not found
Refreshing native plugins compatible for Editor in 0.59 ms, found 4 plugins.
Preloading 0 native plugins for Editor in 0.00 ms.
Mono: successfully reloaded assembly
- Completed reload, in  0.639 seconds
Domain Reload Profiling:
	ReloadAssembly (639ms)
		BeginReloadAssembly (79ms)
			ExecutionOrderSort (0ms)
			DisableScriptedObjects (3ms)
			BackupInstance (0ms)
			ReleaseScriptingObjects (0ms)
			CreateAndSetChildDomain (21ms)
		EndReloadAssembly (497ms)
			LoadAssemblies (57ms)
			RebuildTransferFunctionScriptingTraits (0ms)
			SetupTypeCache (149ms)
			ReleaseScriptCaches (1ms)
			RebuildScriptCaches (25ms)
			SetupLoadedEditorAssemblies (235ms)
				LogAssemblyErrors (0ms)
				InitializePlatformSupportModulesInManaged (7ms)
				SetLoadedEditorAssemblies (0ms)
				RefreshPlugins (1ms)
				BeforeProcessingInitializeOnLoad (47ms)
				ProcessInitializeOnLoadAttributes (152ms)
				ProcessInitializeOnLoadMethodAttributes (25ms)
				AfterProcessingInitializeOnLoad (4ms)
				EditorAssembliesLoaded (0ms)
			ExecutionOrderSort2 (0ms)
			AwakeInstancesAfterBackupRestoration (5ms)
Platform modules already initialized, skipping
Refreshing native plugins compatible for Editor in 1.94 ms, found 4 plugins.
Preloading 0 native plugins for Editor in 0.00 ms.
Unloading 5335 Unused Serialized files (Serialized files now loaded: 0)
Unloading 34 unused Assets / (24.7 KB). Loaded Objects now: 5834.
Memory consumption went from 269.8 MB to 269.7 MB.
Total: 2.186400 ms (FindLiveObjects: 0.225300 ms CreateObjectMapping: 0.082200 ms MarkObjects: 1.861400 ms  DeleteObjects: 0.016800 ms)

AssetImportParameters requested are different than current active one (requested -> active):
  custom:video-decoder-ogg-theora: a1e56fd34408186e4bbccfd4996cb3dc -> 
  custom:container-muxer-webm: aa71ff27fc2769a1b78a27578f13a17b -> 
  custom:container-demuxer-webm: 4f35f7cbe854078d1ac9338744f61a02 -> 
  custom:video-encoder-webm-vp8: eb34c28f22e8b96e1ab97ce403110664 -> 
  custom:video-codec-MediaFoundation-h265: 746d11721c4dcdbdad8f713fa42b33f4 -> 
  custom:audio-encoder-webm-vorbis: bf7c407c2cedff20999df2af8eb42d56 -> 
  custom:framework-win-MediaFoundation: 216162199b28c13a410421893ffa2e32 -> 
  custom:container-demuxer-ogg: 62fdf1f143b41e24485cea50d1cbac27 -> 
  custom:video-decoder-webm-vp8: 9c59270c3fd7afecdb556c50c9e8de78 -> 
  custom:audio-decoder-ogg-vorbis: bf7c407c2cedff20999df2af8eb42d56 -> 
========================================================================
Received Import Request.
  Time since last request: 5.135385 seconds.
  path: Assets/Spells/Spellbook.cs
  artifactKey: Guid(d8e2c85da33531d4cabc2de420de52a8) Importer(815301076,1909f56bfc062723c751e8b465ee728b)
Start importing Assets/Spells/Spellbook.cs using Guid(d8e2c85da33531d4cabc2de420de52a8) Importer(815301076,1909f56bfc062723c751e8b465ee728b)  -> (artifact id: 'd963df23e8a6d5dfd2a85fa7557e60e3') in 0.005173 seconds 
========================================================================
Received Import Request.
  Time since last request: 39.310352 seconds.
  path: Assets/Spells/Spellbook.cs
  artifactKey: Guid(d8e2c85da33531d4cabc2de420de52a8) Importer(815301076,1909f56bfc062723c751e8b465ee728b)
Start importing Assets/Spells/Spellbook.cs using Guid(d8e2c85da33531d4cabc2de420de52a8) Importer(815301076,1909f56bfc062723c751e8b465ee728b)  -> (artifact id: '9f5fd828ed8e49e7f880fae306ac27e0') in 0.001918 seconds 
========================================================================
Received Import Request.
  Time since last request: 45.979206 seconds.
  path: Assets/Spells/Spellbook.cs
  artifactKey: Guid(d8e2c85da33531d4cabc2de420de52a8) Importer(815301076,1909f56bfc062723c751e8b465ee728b)
Start importing Assets/Spells/Spellbook.cs using Guid(d8e2c85da33531d4cabc2de420de52a8) Importer(815301076,1909f56bfc062723c751e8b465ee728b)  -> (artifact id: '73d8a61250aec027186ab77fadb728bb') in 0.002311 seconds 
========================================================================
Received Import Request.
  Time since last request: 14.512669 seconds.
  path: Assets/Spells/Spellbook.cs
  artifactKey: Guid(d8e2c85da33531d4cabc2de420de52a8) Importer(815301076,1909f56bfc062723c751e8b465ee728b)
Start importing Assets/Spells/Spellbook.cs using Guid(d8e2c85da33531d4cabc2de420de52a8) Importer(815301076,1909f56bfc062723c751e8b465ee728b)  -> (artifact id: 'fdc18052f8a5b7571c711eb5db7cf945') in 0.002164 seconds 
========================================================================
Received Import Request.
  Time since last request: 5.271202 seconds.
  path: Assets/Spells/Spellbook.cs
  artifactKey: Guid(d8e2c85da33531d4cabc2de420de52a8) Importer(815301076,1909f56bfc062723c751e8b465ee728b)
Start importing Assets/Spells/Spellbook.cs using Guid(d8e2c85da33531d4cabc2de420de52a8) Importer(815301076,1909f56bfc062723c751e8b465ee728b)  -> (artifact id: '88724e90d748b4e644a83d51b7d1a0b6') in 0.001899 seconds 
========================================================================
Received Import Request.
  Time since last request: 68.185857 seconds.
  path: Assets/Spells/Spellbook.cs
  artifactKey: Guid(d8e2c85da33531d4cabc2de420de52a8) Importer(815301076,1909f56bfc062723c751e8b465ee728b)
Start importing Assets/Spells/Spellbook.cs using Guid(d8e2c85da33531d4cabc2de420de52a8) Importer(815301076,1909f56bfc062723c751e8b465ee728b)  -> (artifact id: '2f3cad206cf04bb1a26c0518ced4e982') in 0.002066 seconds 
========================================================================
Received Import Request.
  Time since last request: 48.457169 seconds.
  path: Assets/Spells/Spellbook.cs
  artifactKey: Guid(d8e2c85da33531d4cabc2de420de52a8) Importer(815301076,1909f56bfc062723c751e8b465ee728b)
Start importing Assets/Spells/Spellbook.cs using Guid(d8e2c85da33531d4cabc2de420de52a8) Importer(815301076,1909f56bfc062723c751e8b465ee728b)  -> (artifact id: '2596ef2402684378383d660e6269b1f8') in 0.002085 seconds 
========================================================================
Received Import Request.
  Time since last request: 14.414796 seconds.
  path: Assets/Spells/Spellbook.cs
  artifactKey: Guid(d8e2c85da33531d4cabc2de420de52a8) Importer(815301076,1909f56bfc062723c751e8b465ee728b)
Start importing Assets/Spells/Spellbook.cs using Guid(d8e2c85da33531d4cabc2de420de52a8) Importer(815301076,1909f56bfc062723c751e8b465ee728b)  -> (artifact id: 'a1bdce292ddb759ecb42c2a365df3ee2') in 0.001810 seconds 
========================================================================
Received Import Request.
  Time since last request: 8.444075 seconds.
  path: Assets/Spells/Spellbook.cs
  artifactKey: Guid(d8e2c85da33531d4cabc2de420de52a8) Importer(815301076,1909f56bfc062723c751e8b465ee728b)
Start importing Assets/Spells/Spellbook.cs using Guid(d8e2c85da33531d4cabc2de420de52a8) Importer(815301076,1909f56bfc062723c751e8b465ee728b)  -> (artifact id: '5b033c8be06df8bbf98c948b549a5b67') in 0.002063 seconds 
========================================================================
Received Import Request.
  Time since last request: 5.046314 seconds.
  path: Assets/Spells/Spellbook.cs
  artifactKey: Guid(d8e2c85da33531d4cabc2de420de52a8) Importer(815301076,1909f56bfc062723c751e8b465ee728b)
Start importing Assets/Spells/Spellbook.cs using Guid(d8e2c85da33531d4cabc2de420de52a8) Importer(815301076,1909f56bfc062723c751e8b465ee728b)  -> (artifact id: 'bf83c0dbe6bcf477e670578cf4287673') in 0.001907 seconds 
========================================================================
Received Import Request.
  Time since last request: 18.009774 seconds.
  path: Assets/Spells/Spellbook.cs
  artifactKey: Guid(d8e2c85da33531d4cabc2de420de52a8) Importer(815301076,1909f56bfc062723c751e8b465ee728b)
Start importing Assets/Spells/Spellbook.cs using Guid(d8e2c85da33531d4cabc2de420de52a8) Importer(815301076,1909f56bfc062723c751e8b465ee728b)  -> (artifact id: 'e607f579e0ea93c0a93f3a2800526f27') in 0.001729 seconds 
========================================================================
Received Import Request.
  Time since last request: 2.960633 seconds.
  path: Assets/Spells/Spellbook.cs
  artifactKey: Guid(d8e2c85da33531d4cabc2de420de52a8) Importer(815301076,1909f56bfc062723c751e8b465ee728b)
Start importing Assets/Spells/Spellbook.cs using Guid(d8e2c85da33531d4cabc2de420de52a8) Importer(815301076,1909f56bfc062723c751e8b465ee728b)  -> (artifact id: 'b6c0cdc2e42f6b9a40efc2e2cfdeb959') in 0.002243 seconds 
========================================================================
Received Import Request.
  Time since last request: 15.908603 seconds.
  path: Assets/Spells/Spellbook.cs
  artifactKey: Guid(d8e2c85da33531d4cabc2de420de52a8) Importer(815301076,1909f56bfc062723c751e8b465ee728b)
Start importing Assets/Spells/Spellbook.cs using Guid(d8e2c85da33531d4cabc2de420de52a8) Importer(815301076,1909f56bfc062723c751e8b465ee728b)  -> (artifact id: '012a29836ea52766960bb1a28ca16b15') in 0.001847 seconds 
========================================================================
Received Import Request.
  Time since last request: 27.088238 seconds.
  path: Assets/Spells/Spellbook.cs
  artifactKey: Guid(d8e2c85da33531d4cabc2de420de52a8) Importer(815301076,1909f56bfc062723c751e8b465ee728b)
Start importing Assets/Spells/Spellbook.cs using Guid(d8e2c85da33531d4cabc2de420de52a8) Importer(815301076,1909f56bfc062723c751e8b465ee728b)  -> (artifact id: 'eeab5882bfb09eca4faf11a16306f7f6') in 0.001880 seconds 
========================================================================
Received Import Request.
  Time since last request: 5.861010 seconds.
  path: Assets/Spells/Spellbook.cs
  artifactKey: Guid(d8e2c85da33531d4cabc2de420de52a8) Importer(815301076,1909f56bfc062723c751e8b465ee728b)
Start importing Assets/Spells/Spellbook.cs using Guid(d8e2c85da33531d4cabc2de420de52a8) Importer(815301076,1909f56bfc062723c751e8b465ee728b)  -> (artifact id: 'f68cba7c1154e3d882fe2293c4b188ed') in 0.001912 seconds 
========================================================================
Received Import Request.
  Time since last request: 24.489515 seconds.
  path: Assets/Spells/Spellbook.cs
  artifactKey: Guid(d8e2c85da33531d4cabc2de420de52a8) Importer(815301076,1909f56bfc062723c751e8b465ee728b)
Start importing Assets/Spells/Spellbook.cs using Guid(d8e2c85da33531d4cabc2de420de52a8) Importer(815301076,1909f56bfc062723c751e8b465ee728b)  -> (artifact id: '96234b8e7aa7a9c0b81831a642dc2b39') in 0.001810 seconds 
========================================================================
Received Import Request.
  Time since last request: 10.136396 seconds.
  path: Assets/Spells/Spellbook.cs
  artifactKey: Guid(d8e2c85da33531d4cabc2de420de52a8) Importer(815301076,1909f56bfc062723c751e8b465ee728b)
Start importing Assets/Spells/Spellbook.cs using Guid(d8e2c85da33531d4cabc2de420de52a8) Importer(815301076,1909f56bfc062723c751e8b465ee728b)  -> (artifact id: '5429b89814e95c1a5826614a9b31124b') in 0.001892 seconds 
========================================================================
Received Import Request.
  Time since last request: 34.228102 seconds.
  path: Assets/Spells/Spellbook.cs
  artifactKey: Guid(d8e2c85da33531d4cabc2de420de52a8) Importer(815301076,1909f56bfc062723c751e8b465ee728b)
Start importing Assets/Spells/Spellbook.cs using Guid(d8e2c85da33531d4cabc2de420de52a8) Importer(815301076,1909f56bfc062723c751e8b465ee728b)  -> (artifact id: '63b51da7760b016627ee845d0aabad24') in 0.001723 seconds 
========================================================================
Received Import Request.
  Time since last request: 12.528116 seconds.
  path: Assets/Spells/Spellbook.cs
  artifactKey: Guid(d8e2c85da33531d4cabc2de420de52a8) Importer(815301076,1909f56bfc062723c751e8b465ee728b)
Start importing Assets/Spells/Spellbook.cs using Guid(d8e2c85da33531d4cabc2de420de52a8) Importer(815301076,1909f56bfc062723c751e8b465ee728b)  -> (artifact id: '7d18e27354cf534a93c81bc1547bedf6') in 0.002111 seconds 
========================================================================
Received Import Request.
  Time since last request: 1.960157 seconds.
  path: Assets/Spells/Spellbook.cs
  artifactKey: Guid(d8e2c85da33531d4cabc2de420de52a8) Importer(815301076,1909f56bfc062723c751e8b465ee728b)
Start importing Assets/Spells/Spellbook.cs using Guid(d8e2c85da33531d4cabc2de420de52a8) Importer(815301076,1909f56bfc062723c751e8b465ee728b)  -> (artifact id: '1d9d16b5c74ac6934d73748036ec601e') in 0.002048 seconds 
========================================================================
Received Import Request.
  Time since last request: 5.864594 seconds.
  path: Assets/Spells/Spellbook.cs
  artifactKey: Guid(d8e2c85da33531d4cabc2de420de52a8) Importer(815301076,1909f56bfc062723c751e8b465ee728b)
Start importing Assets/Spells/Spellbook.cs using Guid(d8e2c85da33531d4cabc2de420de52a8) Importer(815301076,1909f56bfc062723c751e8b465ee728b)  -> (artifact id: '509b34b48b70f0ef265053dbce46f0ce') in 0.002540 seconds 
========================================================================
Received Import Request.
  Time since last request: 14.420631 seconds.
  path: Assets/Spells/Spellbook.cs
  artifactKey: Guid(d8e2c85da33531d4cabc2de420de52a8) Importer(815301076,1909f56bfc062723c751e8b465ee728b)
Start importing Assets/Spells/Spellbook.cs using Guid(d8e2c85da33531d4cabc2de420de52a8) Importer(815301076,1909f56bfc062723c751e8b465ee728b)  -> (artifact id: '6bd0b51c99425349b8b739380a800d27') in 0.001925 seconds 
========================================================================
Received Import Request.
  Time since last request: 12.410358 seconds.
  path: Assets/Spells/Spellbook.cs
  artifactKey: Guid(d8e2c85da33531d4cabc2de420de52a8) Importer(815301076,1909f56bfc062723c751e8b465ee728b)
Start importing Assets/Spells/Spellbook.cs using Guid(d8e2c85da33531d4cabc2de420de52a8) Importer(815301076,1909f56bfc062723c751e8b465ee728b)  -> (artifact id: '4f055389306a1e55c2b5823207cad633') in 0.001733 seconds 
========================================================================
Received Import Request.
  Time since last request: 2.865340 seconds.
  path: Assets/Spells/Spellbook.cs
  artifactKey: Guid(d8e2c85da33531d4cabc2de420de52a8) Importer(815301076,1909f56bfc062723c751e8b465ee728b)
Start importing Assets/Spells/Spellbook.cs using Guid(d8e2c85da33531d4cabc2de420de52a8) Importer(815301076,1909f56bfc062723c751e8b465ee728b)  -> (artifact id: '7831d3e3406cebaf94ccadc9ce47957d') in 0.001562 seconds 
========================================================================
Received Import Request.
  Time since last request: 11.326214 seconds.
  path: Assets/Spells/Spellbook.cs
  artifactKey: Guid(d8e2c85da33531d4cabc2de420de52a8) Importer(815301076,1909f56bfc062723c751e8b465ee728b)
Start importing Assets/Spells/Spellbook.cs using Guid(d8e2c85da33531d4cabc2de420de52a8) Importer(815301076,1909f56bfc062723c751e8b465ee728b)  -> (artifact id: 'a26ca1257ecade268f26b3224e317d0e') in 0.001852 seconds 
========================================================================
Received Import Request.
  Time since last request: 44.717983 seconds.
  path: Assets/Spells/Spellbook.cs
  artifactKey: Guid(d8e2c85da33531d4cabc2de420de52a8) Importer(815301076,1909f56bfc062723c751e8b465ee728b)
Start importing Assets/Spells/Spellbook.cs using Guid(d8e2c85da33531d4cabc2de420de52a8) Importer(815301076,1909f56bfc062723c751e8b465ee728b)  -> (artifact id: '4126bb22ff54811d001208dd36f89b1f') in 0.001600 seconds 
========================================================================
Received Import Request.
  Time since last request: 42.686444 seconds.
  path: Assets/Spells/Spellbook.cs
  artifactKey: Guid(d8e2c85da33531d4cabc2de420de52a8) Importer(815301076,1909f56bfc062723c751e8b465ee728b)
Start importing Assets/Spells/Spellbook.cs using Guid(d8e2c85da33531d4cabc2de420de52a8) Importer(815301076,1909f56bfc062723c751e8b465ee728b)  -> (artifact id: 'd1181a58f346a47897414595d22e482c') in 0.001537 seconds 
========================================================================
Received Import Request.
  Time since last request: 39.416122 seconds.
  path: Assets/Spells/Spellbook.cs
  artifactKey: Guid(d8e2c85da33531d4cabc2de420de52a8) Importer(815301076,1909f56bfc062723c751e8b465ee728b)
Start importing Assets/Spells/Spellbook.cs using Guid(d8e2c85da33531d4cabc2de420de52a8) Importer(815301076,1909f56bfc062723c751e8b465ee728b)  -> (artifact id: '7892f3d6c53deab19adc7afaaaa6ad47') in 0.002063 seconds 
========================================================================
Received Import Request.
  Time since last request: 40.306688 seconds.
  path: Assets/Spells/Spellbook.cs
  artifactKey: Guid(d8e2c85da33531d4cabc2de420de52a8) Importer(815301076,1909f56bfc062723c751e8b465ee728b)
Start importing Assets/Spells/Spellbook.cs using Guid(d8e2c85da33531d4cabc2de420de52a8) Importer(815301076,1909f56bfc062723c751e8b465ee728b)  -> (artifact id: 'a9d2a42a2c2684663273093fe346a995') in 0.001412 seconds 
========================================================================
Received Import Request.
  Time since last request: 7.746284 seconds.
  path: Assets/Spells/Spellbook.cs
  artifactKey: Guid(d8e2c85da33531d4cabc2de420de52a8) Importer(815301076,1909f56bfc062723c751e8b465ee728b)
Start importing Assets/Spells/Spellbook.cs using Guid(d8e2c85da33531d4cabc2de420de52a8) Importer(815301076,1909f56bfc062723c751e8b465ee728b)  -> (artifact id: 'caacf0d91b924f7ba8c4a19fb348733b') in 0.002063 seconds 
========================================================================
Received Import Request.
  Time since last request: 6.043226 seconds.
  path: Assets/Spells/Spellbook.cs
  artifactKey: Guid(d8e2c85da33531d4cabc2de420de52a8) Importer(815301076,1909f56bfc062723c751e8b465ee728b)
Start importing Assets/Spells/Spellbook.cs using Guid(d8e2c85da33531d4cabc2de420de52a8) Importer(815301076,1909f56bfc062723c751e8b465ee728b)  -> (artifact id: '1a36793717a2cfd81cda8f04098d608d') in 0.001710 seconds 
========================================================================
Received Prepare
Registering precompiled user dll's ...
Registered in 0.005264 seconds.
Begin MonoManager ReloadAssembly
Symbol file LoadedFromMemory doesn't match image C:\Users\hotdo\Documents\Unity Projects\BulletHellPVP\Library\PackageCache\com.unity.visualscripting@1.8.0\Editor\VisualScripting.Core\Dependencies\YamlDotNet\Unity.VisualScripting.YamlDotNet.dll
Symbol file LoadedFromMemory doesn't match image C:\Users\hotdo\Documents\Unity Projects\BulletHellPVP\Library\PackageCache\com.unity.visualscripting@1.8.0\Editor\VisualScripting.Core\Dependencies\DotNetZip\Unity.VisualScripting.IonicZip.dll
Symbol file LoadedFromMemory is not a mono symbol file
Native extension for WindowsStandalone target not found
Refreshing native plugins compatible for Editor in 0.57 ms, found 4 plugins.
Preloading 0 native plugins for Editor in 0.00 ms.
Mono: successfully reloaded assembly
- Completed reload, in  0.629 seconds
Domain Reload Profiling:
	ReloadAssembly (630ms)
		BeginReloadAssembly (83ms)
			ExecutionOrderSort (0ms)
			DisableScriptedObjects (4ms)
			BackupInstance (0ms)
			ReleaseScriptingObjects (0ms)
			CreateAndSetChildDomain (23ms)
		EndReloadAssembly (486ms)
			LoadAssemblies (57ms)
			RebuildTransferFunctionScriptingTraits (0ms)
			SetupTypeCache (145ms)
			ReleaseScriptCaches (1ms)
			RebuildScriptCaches (24ms)
			SetupLoadedEditorAssemblies (229ms)
				LogAssemblyErrors (0ms)
				InitializePlatformSupportModulesInManaged (7ms)
				SetLoadedEditorAssemblies (0ms)
				RefreshPlugins (1ms)
				BeforeProcessingInitializeOnLoad (47ms)
				ProcessInitializeOnLoadAttributes (144ms)
				ProcessInitializeOnLoadMethodAttributes (25ms)
				AfterProcessingInitializeOnLoad (4ms)
				EditorAssembliesLoaded (0ms)
			ExecutionOrderSort2 (0ms)
			AwakeInstancesAfterBackupRestoration (5ms)
Platform modules already initialized, skipping
Refreshing native plugins compatible for Editor in 1.77 ms, found 4 plugins.
Preloading 0 native plugins for Editor in 0.00 ms.
Unloading 5335 Unused Serialized files (Serialized files now loaded: 0)
Unloading 34 unused Assets / (24.6 KB). Loaded Objects now: 5837.
Memory consumption went from 269.8 MB to 269.7 MB.
Total: 2.114400 ms (FindLiveObjects: 0.226200 ms CreateObjectMapping: 0.084000 ms MarkObjects: 1.787000 ms  DeleteObjects: 0.016500 ms)

AssetImportParameters requested are different than current active one (requested -> active):
  custom:video-decoder-ogg-theora: a1e56fd34408186e4bbccfd4996cb3dc -> 
  custom:container-muxer-webm: aa71ff27fc2769a1b78a27578f13a17b -> 
  custom:container-demuxer-webm: 4f35f7cbe854078d1ac9338744f61a02 -> 
  custom:video-encoder-webm-vp8: eb34c28f22e8b96e1ab97ce403110664 -> 
  custom:video-codec-MediaFoundation-h265: 746d11721c4dcdbdad8f713fa42b33f4 -> 
  custom:audio-encoder-webm-vorbis: bf7c407c2cedff20999df2af8eb42d56 -> 
  custom:framework-win-MediaFoundation: 216162199b28c13a410421893ffa2e32 -> 
  custom:container-demuxer-ogg: 62fdf1f143b41e24485cea50d1cbac27 -> 
  custom:video-decoder-webm-vp8: 9c59270c3fd7afecdb556c50c9e8de78 -> 
  custom:audio-decoder-ogg-vorbis: bf7c407c2cedff20999df2af8eb42d56 -> 
